GazeFormer Training — MPIIGaze dataset
Backbone: ResNet-18 | Input: 224x224 face crops
Epochs: 100 | LR: 3e-4 | Batch: 64
=====================================================
Epoch 1/100: train_loss=4.234 mae=18.432 lr=0.0003
Epoch 2/100: train_loss=3.812 mae=15.234 lr=0.0003
Epoch 3/100: train_loss=3.456 mae=13.123 lr=0.0003
Epoch 5/100: train_loss=3.012 mae=10.987 lr=0.0003
Epoch 8/100: train_loss=2.678 mae=8.765 lr=0.0003
Epoch 10/100: train_loss=2.345 mae=7.234 lr=0.0003
Epoch 15/100: train_loss=1.987 mae=5.678 lr=0.0003
Epoch 20/100: train_loss=1.712 mae=4.567 lr=0.00015
Epoch 25/100: train_loss=1.523 mae=3.891 lr=0.00015
Epoch 30/100: train_loss=1.378 mae=3.456 lr=0.00015
Epoch 40/100: train_loss=1.156 mae=2.987 lr=0.00015
Epoch 50/100: train_loss=0.987 mae=2.567 lr=7.5e-05
Epoch 60/100: train_loss=0.867 mae=2.234 lr=7.5e-05
Epoch 70/100: train_loss=0.778 mae=2.012 lr=7.5e-05
Epoch 80/100: train_loss=0.712 mae=1.834 lr=3.75e-05
Epoch 90/100: train_loss=0.667 mae=1.698 lr=3.75e-05
Epoch 100/100: train_loss=0.634 mae=1.587 lr=3.75e-05
Done. Final MAE: 1.587 degrees
