GPU available: True (cuda), used: True
TPU available: False, using: 0 TPU cores
IPU available: False, using: 0 IPU cores
HPU available: False, using: 0 HPU cores
LOCAL_RANK: 0 - CUDA_VISIBLE_DEVICES: [0]

  | Name    | Type       | Params
-----------------------------------
0 | encoder | ResNet50   | 23.5 M
1 | head    | Linear     | 2.1 K
-----------------------------------
23.5 M    Trainable params
0         Non-trainable params
23.5 M    Total params

Epoch 1/30: 100%|████████████████████████████████████| 250/250 [00:14<00:00, loss=1.432, acc=0.412]
Epoch 2/30: 100%|████████████████████████████████████| 250/250 [00:13<00:00, loss=1.201, acc=0.487]
Epoch 3/30: 100%|████████████████████████████████████| 250/250 [00:13<00:00, loss=1.034, acc=0.543]
Epoch 4/30: 100%|████████████████████████████████████| 250/250 [00:13<00:00, loss=0.923, acc=0.578]
Epoch 5/30: 100%|████████████████████████████████████| 250/250 [00:13<00:00, loss=0.821, acc=0.612]
Epoch 6/30: 100%|████████████████████████████████████| 250/250 [00:13<00:00, loss=0.734, acc=0.641]
Epoch 7/30: 100%|████████████████████████████████████| 250/250 [00:13<00:00, loss=0.656, acc=0.671]
Epoch 8/30: 100%|████████████████████████████████████| 250/250 [00:12<00:00, loss=0.587, acc=0.697]
Epoch 9/30: 100%|████████████████████████████████████| 250/250 [00:12<00:00, loss=0.532, acc=0.719]
Epoch 10/30: 100%|███████████████████████████████████| 250/250 [00:12<00:00, loss=0.489, acc=0.738, val_loss=0.512, val_acc=0.731]
Epoch 11/30: 100%|███████████████████████████████████| 250/250 [00:12<00:00, loss=0.451, acc=0.754]
Epoch 12/30: 100%|███████████████████████████████████| 250/250 [00:12<00:00, loss=0.418, acc=0.768]
Epoch 13/30: 100%|███████████████████████████████████| 250/250 [00:12<00:00, loss=0.389, acc=0.779]
Epoch 14/30: 100%|███████████████████████████████████| 250/250 [00:12<00:00, loss=0.364, acc=0.791]
Epoch 15/30: 100%|███████████████████████████████████| 250/250 [00:12<00:00, loss=0.341, acc=0.801, val_loss=0.398, val_acc=0.787]
Epoch 16/30: 100%|███████████████████████████████████| 250/250 [00:12<00:00, loss=0.321, acc=0.811]
Epoch 17/30: 100%|███████████████████████████████████| 250/250 [00:12<00:00, loss=0.305, acc=0.819]
Epoch 18/30: 100%|███████████████████████████████████| 250/250 [00:12<00:00, loss=0.291, acc=0.827]
Epoch 19/30: 100%|███████████████████████████████████| 250/250 [00:11<00:00, loss=0.278, acc=0.834]
Epoch 20/30: 100%|███████████████████████████████████| 250/250 [00:11<00:00, loss=0.267, acc=0.840, val_loss=0.312, val_acc=0.831]
Epoch 21/30: 100%|███████████████████████████████████| 250/250 [00:11<00:00, loss=0.257, acc=0.846]
Epoch 22/30: 100%|███████████████████████████████████| 250/250 [00:11<00:00, loss=0.248, acc=0.851]
Epoch 23/30: 100%|███████████████████████████████████| 250/250 [00:11<00:00, loss=0.240, acc=0.857]
Epoch 24/30: 100%|███████████████████████████████████| 250/250 [00:11<00:00, loss=0.233, acc=0.862]
Epoch 25/30: 100%|███████████████████████████████████| 250/250 [00:11<00:00, loss=0.226, acc=0.867, val_loss=0.271, val_acc=0.858]
Epoch 26/30: 100%|███████████████████████████████████| 250/250 [00:11<00:00, loss=0.220, acc=0.871]
Epoch 27/30: 100%|███████████████████████████████████| 250/250 [00:11<00:00, loss=0.215, acc=0.875]
Epoch 28/30: 100%|███████████████████████████████████| 250/250 [00:11<00:00, loss=0.210, acc=0.879]
Epoch 29/30: 100%|███████████████████████████████████| 250/250 [00:11<00:00, loss=0.206, acc=0.882]
Epoch 30/30: 100%|███████████████████████████████████| 250/250 [00:11<00:00, loss=0.202, acc=0.885, val_loss=0.248, val_acc=0.876]
`Trainer.fit` stopped: `max_epochs=30` reached.
